-------------------------------------------------------------------------------
Test set: testRunner.Test1
-------------------------------------------------------------------------------
Tests run: 1, Failures: 0, Errors: 1, Skipped: 0, Time elapsed: 0.688 s <<< FAILURE! - in testRunner.Test1
initializationError(testRunner.Test1)  Time elapsed: 0.009 s  <<< ERROR!
java.lang.NoClassDefFoundError: io/cucumber/gherkin/GherkinParser
Caused by: java.lang.ClassNotFoundException: io.cucumber.gherkin.GherkinParser

